

Processing InfoController#properties (for 127.0.0.1 at 2010-10-17 20:17:01) [GET]
  Session ID: 57c4ab15ad9d9a1ad5e637dd13132b23
  Parameters: {"action"=>"properties", "controller"=>"rails/info"}
  [4;36;1mSQL (0.000000)[0m   [0;1mSQLite3::SQLException: no such table: schema_info: SELECT version FROM schema_info[0m
Completed in 0.07300 (13 reqs/sec) | Rendering: 0.00100 (1%) | DB: 0.00000 (0%) | 200 OK [http://localhost/rails/info/properties]
  [4;36;1mSQL (0.000000)[0m   [0;1mselect sqlite_version(*)[0m
  [4;35;1mSQL (0.141000)[0m   [0mCREATE TABLE schema_info (version integer)[0m
  [4;36;1mSQL (0.099000)[0m   [0;1mINSERT INTO schema_info (version) VALUES(0)[0m
  [4;35;1mSQL (0.000000)[0m   [0mSQLite3::SQLException: table schema_info already exists: CREATE TABLE schema_info (version integer)[0m
  [4;36;1mSQL (0.001000)[0m   [0;1mSELECT version FROM schema_info[0m
Migrating to CreatePosts (1)


Processing PostsController#index (for 127.0.0.1 at 2010-10-17 20:19:16) [GET]
  Session ID: BAh7BiIKZmxhc2hJQzonQWN0aW9uQ29udHJvbGxlcjo6Rmxhc2g6OkZsYXNo%0ASGFzaHsABjoKQHVzZWR7AA%3D%3D--6a4b4e3fd959af50365ef9431d753d07f328bbc8
  Parameters: {"action"=>"index", "controller"=>"posts"}
  [4;35;1mPost Load (0.000000)[0m   [0mSQLite3::SQLException: no such table: posts: SELECT * FROM posts [0m


ActiveRecord::StatementInvalid (SQLite3::SQLException: no such table: posts: SELECT * FROM posts   ):
    E:/Èí¼þ¹¤³Ì/InstantRails-2.0-win/ruby/lib/ruby/gems/1.8/gems/activerecord-2.0.2/lib/active_record/connection_adapters/abstract_adapter.rb:150:in `log'
    E:/Èí¼þ¹¤³Ì/InstantRails-2.0-win/ruby/lib/ruby/gems/1.8/gems/activerecord-2.0.2/lib/active_record/connection_adapters/sqlite_adapter.rb:132:in `execute'
    E:/Èí¼þ¹¤³Ì/InstantRails-2.0-win/ruby/lib/ruby/gems/1.8/gems/activerecord-2.0.2/lib/active_record/connection_adapters/sqlite_adapter.rb:345:in `catch_schema_changes'
    E:/Èí¼þ¹¤³Ì/InstantRails-2.0-win/ruby/lib/ruby/gems/1.8/gems/activerecord-2.0.2/lib/active_record/connection_adapters/sqlite_adapter.rb:132:in `execute'
    E:/Èí¼þ¹¤³Ì/InstantRails-2.0-win/ruby/lib/ruby/gems/1.8/gems/activerecord-2.0.2/lib/active_record/connection_adapters/sqlite_adapter.rb:256:in `select'
    E:/Èí¼þ¹¤³Ì/InstantRails-2.0-win/ruby/lib/ruby/gems/1.8/gems/activerecord-2.0.2/lib/active_record/connection_adapters/abstract/database_statements.rb:7:in `select_all_without_query_cache'
    E:/Èí¼þ¹¤³Ì/InstantRails-2.0-win/ruby/lib/ruby/gems/1.8/gems/activerecord-2.0.2/lib/active_record/connection_adapters/abstract/query_cache.rb:53:in `select_all'
    E:/Èí¼þ¹¤³Ì/InstantRails-2.0-win/ruby/lib/ruby/gems/1.8/gems/activerecord-2.0.2/lib/active_record/connection_adapters/abstract/query_cache.rb:74:in `cache_sql'
    E:/Èí¼þ¹¤³Ì/InstantRails-2.0-win/ruby/lib/ruby/gems/1.8/gems/activerecord-2.0.2/lib/active_record/connection_adapters/abstract/query_cache.rb:53:in `select_all'
    E:/Èí¼þ¹¤³Ì/InstantRails-2.0-win/ruby/lib/ruby/gems/1.8/gems/activerecord-2.0.2/lib/active_record/base.rb:532:in `find_by_sql'
    E:/Èí¼þ¹¤³Ì/InstantRails-2.0-win/ruby/lib/ruby/gems/1.8/gems/activerecord-2.0.2/lib/active_record/base.rb:1233:in `find_every'
    E:/Èí¼þ¹¤³Ì/InstantRails-2.0-win/ruby/lib/ruby/gems/1.8/gems/activerecord-2.0.2/lib/active_record/base.rb:503:in `find'
    /app/controllers/posts_controller.rb:5:in `index'
    E:/Èí¼þ¹¤³Ì/InstantRails-2.0-win/ruby/lib/ruby/gems/1.8/gems/actionpack-2.0.2/lib/action_controller/base.rb:1158:in `send'
    E:/Èí¼þ¹¤³Ì/InstantRails-2.0-win/ruby/lib/ruby/gems/1.8/gems/actionpack-2.0.2/lib/action_controller/base.rb:1158:in `perform_action_without_filters'
    E:/Èí¼þ¹¤³Ì/InstantRails-2.0-win/ruby/lib/ruby/gems/1.8/gems/actionpack-2.0.2/lib/action_controller/filters.rb:697:in `call_filters'
    E:/Èí¼þ¹¤³Ì/InstantRails-2.0-win/ruby/lib/ruby/gems/1.8/gems/actionpack-2.0.2/lib/action_controller/filters.rb:689:in `perform_action_without_benchmark'
    E:/Èí¼þ¹¤³Ì/InstantRails-2.0-win/ruby/lib/ruby/gems/1.8/gems/actionpack-2.0.2/lib/action_controller/benchmarking.rb:68:in `perform_action_without_rescue'
    E:/Èí¼þ¹¤³Ì/InstantRails-2.0-win/ruby/lib/ruby/1.8/benchmark.rb:293:in `measure'
    E:/Èí¼þ¹¤³Ì/InstantRails-2.0-win/ruby/lib/ruby/gems/1.8/gems/actionpack-2.0.2/lib/action_controller/benchmarking.rb:68:in `perform_action_without_rescue'
    E:/Èí¼þ¹¤³Ì/InstantRails-2.0-win/ruby/lib/ruby/gems/1.8/gems/actionpack-2.0.2/lib/action_controller/rescue.rb:199:in `perform_action_without_caching'
    E:/Èí¼þ¹¤³Ì/InstantRails-2.0-win/ruby/lib/ruby/gems/1.8/gems/actionpack-2.0.2/lib/action_controller/caching.rb:678:in `perform_action'
    E:/Èí¼þ¹¤³Ì/InstantRails-2.0-win/ruby/lib/ruby/gems/1.8/gems/activerecord-2.0.2/lib/active_record/connection_adapters/abstract/query_cache.rb:33:in `cache'
    E:/Èí¼þ¹¤³Ì/InstantRails-2.0-win/ruby/lib/ruby/gems/1.8/gems/activerecord-2.0.2/lib/active_record/query_cache.rb:8:in `cache'
    E:/Èí¼þ¹¤³Ì/InstantRails-2.0-win/ruby/lib/ruby/gems/1.8/gems/actionpack-2.0.2/lib/action_controller/caching.rb:677:in `perform_action'
    E:/Èí¼þ¹¤³Ì/InstantRails-2.0-win/ruby/lib/ruby/gems/1.8/gems/actionpack-2.0.2/lib/action_controller/base.rb:524:in `send'
    E:/Èí¼þ¹¤³Ì/InstantRails-2.0-win/ruby/lib/ruby/gems/1.8/gems/actionpack-2.0.2/lib/action_controller/base.rb:524:in `process_without_filters'
    E:/Èí¼þ¹¤³Ì/InstantRails-2.0-win/ruby/lib/ruby/gems/1.8/gems/actionpack-2.0.2/lib/action_controller/filters.rb:685:in `process_without_session_management_support'
    E:/Èí¼þ¹¤³Ì/InstantRails-2.0-win/ruby/lib/ruby/gems/1.8/gems/actionpack-2.0.2/lib/action_controller/session_management.rb:123:in `process'
    E:/Èí¼þ¹¤³Ì/InstantRails-2.0-win/ruby/lib/ruby/gems/1.8/gems/actionpack-2.0.2/lib/action_controller/base.rb:388:in `process'
    E:/Èí¼þ¹¤³Ì/InstantRails-2.0-win/ruby/lib/ruby/gems/1.8/gems/actionpack-2.0.2/lib/action_controller/dispatcher.rb:171:in `handle_request'
    E:/Èí¼þ¹¤³Ì/InstantRails-2.0-win/ruby/lib/ruby/gems/1.8/gems/actionpack-2.0.2/lib/action_controller/dispatcher.rb:115:in `dispatch'
    E:/Èí¼þ¹¤³Ì/InstantRails-2.0-win/ruby/lib/ruby/gems/1.8/gems/actionpack-2.0.2/lib/action_controller/dispatcher.rb:126:in `dispatch_cgi'
    E:/Èí¼þ¹¤³Ì/InstantRails-2.0-win/ruby/lib/ruby/gems/1.8/gems/actionpack-2.0.2/lib/action_controller/dispatcher.rb:9:in `dispatch'
    E:/Èí¼þ¹¤³Ì/InstantRails-2.0-win/ruby/lib/ruby/gems/1.8/gems/mongrel-1.1.2-x86-mswin32/bin/../lib/mongrel/rails.rb:76:in `process'
    E:/Èí¼þ¹¤³Ì/InstantRails-2.0-win/ruby/lib/ruby/gems/1.8/gems/mongrel-1.1.2-x86-mswin32/bin/../lib/mongrel/rails.rb:74:in `synchronize'
    E:/Èí¼þ¹¤³Ì/InstantRails-2.0-win/ruby/lib/ruby/gems/1.8/gems/mongrel-1.1.2-x86-mswin32/bin/../lib/mongrel/rails.rb:74:in `process'
    E:/Èí¼þ¹¤³Ì/InstantRails-2.0-win/ruby/lib/ruby/gems/1.8/gems/mongrel-1.1.2-x86-mswin32/lib/mongrel.rb:159:in `process_client'
    E:/Èí¼þ¹¤³Ì/InstantRails-2.0-win/ruby/lib/ruby/gems/1.8/gems/mongrel-1.1.2-x86-mswin32/lib/mongrel.rb:158:in `each'
    E:/Èí¼þ¹¤³Ì/InstantRails-2.0-win/ruby/lib/ruby/gems/1.8/gems/mongrel-1.1.2-x86-mswin32/lib/mongrel.rb:158:in `process_client'
    E:/Èí¼þ¹¤³Ì/InstantRails-2.0-win/ruby/lib/ruby/gems/1.8/gems/mongrel-1.1.2-x86-mswin32/lib/mongrel.rb:285:in `run'
    E:/Èí¼þ¹¤³Ì/InstantRails-2.0-win/ruby/lib/ruby/gems/1.8/gems/mongrel-1.1.2-x86-mswin32/lib/mongrel.rb:285:in `initialize'
    E:/Èí¼þ¹¤³Ì/InstantRails-2.0-win/ruby/lib/ruby/gems/1.8/gems/mongrel-1.1.2-x86-mswin32/lib/mongrel.rb:285:in `new'
    E:/Èí¼þ¹¤³Ì/InstantRails-2.0-win/ruby/lib/ruby/gems/1.8/gems/mongrel-1.1.2-x86-mswin32/lib/mongrel.rb:285:in `run'
    E:/Èí¼þ¹¤³Ì/InstantRails-2.0-win/ruby/lib/ruby/gems/1.8/gems/mongrel-1.1.2-x86-mswin32/lib/mongrel.rb:268:in `initialize'
    E:/Èí¼þ¹¤³Ì/InstantRails-2.0-win/ruby/lib/ruby/gems/1.8/gems/mongrel-1.1.2-x86-mswin32/lib/mongrel.rb:268:in `new'
    E:/Èí¼þ¹¤³Ì/InstantRails-2.0-win/ruby/lib/ruby/gems/1.8/gems/mongrel-1.1.2-x86-mswin32/lib/mongrel.rb:268:in `run'
    E:/Èí¼þ¹¤³Ì/InstantRails-2.0-win/ruby/lib/ruby/gems/1.8/gems/mongrel-1.1.2-x86-mswin32/lib/mongrel/configurator.rb:282:in `run'
    E:/Èí¼þ¹¤³Ì/InstantRails-2.0-win/ruby/lib/ruby/gems/1.8/gems/mongrel-1.1.2-x86-mswin32/lib/mongrel/configurator.rb:281:in `each'
    E:/Èí¼þ¹¤³Ì/InstantRails-2.0-win/ruby/lib/ruby/gems/1.8/gems/mongrel-1.1.2-x86-mswin32/lib/mongrel/configurator.rb:281:in `run'
    E:/Èí¼þ¹¤³Ì/InstantRails-2.0-win/ruby/lib/ruby/gems/1.8/gems/mongrel-1.1.2-x86-mswin32/bin/mongrel_rails:128:in `run'
    E:/Èí¼þ¹¤³Ì/InstantRails-2.0-win/ruby/lib/ruby/gems/1.8/gems/mongrel-1.1.2-x86-mswin32/lib/mongrel/command.rb:212:in `run'
    E:/Èí¼þ¹¤³Ì/InstantRails-2.0-win/ruby/lib/ruby/gems/1.8/gems/mongrel-1.1.2-x86-mswin32/bin/mongrel_rails:281
    E:/Èí¼þ¹¤³Ì/InstantRails-2.0-win/ruby/lib/ruby/gems/1.8/gems/activesupport-2.0.2/lib/active_support/dependencies.rb:489:in `load'
    E:/Èí¼þ¹¤³Ì/InstantRails-2.0-win/ruby/lib/ruby/gems/1.8/gems/activesupport-2.0.2/lib/active_support/dependencies.rb:489:in `load'
    E:/Èí¼þ¹¤³Ì/InstantRails-2.0-win/ruby/lib/ruby/gems/1.8/gems/activesupport-2.0.2/lib/active_support/dependencies.rb:342:in `new_constants_in'
    E:/Èí¼þ¹¤³Ì/InstantRails-2.0-win/ruby/lib/ruby/gems/1.8/gems/activesupport-2.0.2/lib/active_support/dependencies.rb:489:in `load'
    E:/Èí¼þ¹¤³Ì/InstantRails-2.0-win/ruby/lib/ruby/gems/1.8/gems/rails-2.0.2/lib/commands/servers/mongrel.rb:64
    E:/Èí¼þ¹¤³Ì/InstantRails-2.0-win/ruby/lib/ruby/site_ruby/1.8/rubygems/custom_require.rb:27:in `gem_original_require'
    E:/Èí¼þ¹¤³Ì/InstantRails-2.0-win/ruby/lib/ruby/site_ruby/1.8/rubygems/custom_require.rb:27:in `require'
    E:/Èí¼þ¹¤³Ì/InstantRails-2.0-win/ruby/lib/ruby/gems/1.8/gems/activesupport-2.0.2/lib/active_support/dependencies.rb:496:in `require'
    E:/Èí¼þ¹¤³Ì/InstantRails-2.0-win/ruby/lib/ruby/gems/1.8/gems/activesupport-2.0.2/lib/active_support/dependencies.rb:342:in `new_constants_in'
    E:/Èí¼þ¹¤³Ì/InstantRails-2.0-win/ruby/lib/ruby/gems/1.8/gems/activesupport-2.0.2/lib/active_support/dependencies.rb:496:in `require'
    E:/Èí¼þ¹¤³Ì/InstantRails-2.0-win/ruby/lib/ruby/gems/1.8/gems/rails-2.0.2/lib/commands/server.rb:39
    E:/Èí¼þ¹¤³Ì/InstantRails-2.0-win/ruby/lib/ruby/site_ruby/1.8/rubygems/custom_require.rb:27:in `gem_original_require'
    E:/Èí¼þ¹¤³Ì/InstantRails-2.0-win/ruby/lib/ruby/site_ruby/1.8/rubygems/custom_require.rb:27:in `require'
    script/server:3

Rendering E:/Èí¼þ¹¤³Ì/InstantRails-2.0-win/ruby/lib/ruby/gems/1.8/gems/actionpack-2.0.2/lib/action_controller/templates/rescues/layout.erb (internal_server_error)
  [4;36;1mSQL (0.000000)[0m   [0;1mselect sqlite_version(*)[0m
  [4;35;1mSQL (0.000000)[0m   [0mSQLite3::SQLException: table schema_info already exists: CREATE TABLE schema_info (version integer)[0m
  [4;36;1mSQL (0.000000)[0m   [0;1mSQLite3::SQLException: table schema_info already exists: CREATE TABLE schema_info (version integer)[0m
  [4;35;1mSQL (0.000000)[0m   [0mSELECT version FROM schema_info[0m
Migrating to CreatePosts (1)


Processing PostsController#index (for 127.0.0.1 at 2010-10-17 20:22:45) [GET]
  Session ID: BAh7BiIKZmxhc2hJQzonQWN0aW9uQ29udHJvbGxlcjo6Rmxhc2g6OkZsYXNo%0ASGFzaHsABjoKQHVzZWR7AA%3D%3D--6a4b4e3fd959af50365ef9431d753d07f328bbc8
  Parameters: {"action"=>"index", "controller"=>"posts"}
  [4;36;1mPost Load (0.000000)[0m   [0;1mSQLite3::SQLException: no such table: posts: SELECT * FROM posts [0m


ActiveRecord::StatementInvalid (SQLite3::SQLException: no such table: posts: SELECT * FROM posts   ):
    E:/Èí¼þ¹¤³Ì/InstantRails-2.0-win/ruby/lib/ruby/gems/1.8/gems/activerecord-2.0.2/lib/active_record/connection_adapters/abstract_adapter.rb:150:in `log'
    E:/Èí¼þ¹¤³Ì/InstantRails-2.0-win/ruby/lib/ruby/gems/1.8/gems/activerecord-2.0.2/lib/active_record/connection_adapters/sqlite_adapter.rb:132:in `execute'
    E:/Èí¼þ¹¤³Ì/InstantRails-2.0-win/ruby/lib/ruby/gems/1.8/gems/activerecord-2.0.2/lib/active_record/connection_adapters/sqlite_adapter.rb:345:in `catch_schema_changes'
    E:/Èí¼þ¹¤³Ì/InstantRails-2.0-win/ruby/lib/ruby/gems/1.8/gems/activerecord-2.0.2/lib/active_record/connection_adapters/sqlite_adapter.rb:132:in `execute'
    E:/Èí¼þ¹¤³Ì/InstantRails-2.0-win/ruby/lib/ruby/gems/1.8/gems/activerecord-2.0.2/lib/active_record/connection_adapters/sqlite_adapter.rb:256:in `select'
    E:/Èí¼þ¹¤³Ì/InstantRails-2.0-win/ruby/lib/ruby/gems/1.8/gems/activerecord-2.0.2/lib/active_record/connection_adapters/abstract/database_statements.rb:7:in `select_all_without_query_cache'
    E:/Èí¼þ¹¤³Ì/InstantRails-2.0-win/ruby/lib/ruby/gems/1.8/gems/activerecord-2.0.2/lib/active_record/connection_adapters/abstract/query_cache.rb:53:in `select_all'
    E:/Èí¼þ¹¤³Ì/InstantRails-2.0-win/ruby/lib/ruby/gems/1.8/gems/activerecord-2.0.2/lib/active_record/connection_adapters/abstract/query_cache.rb:74:in `cache_sql'
    E:/Èí¼þ¹¤³Ì/InstantRails-2.0-win/ruby/lib/ruby/gems/1.8/gems/activerecord-2.0.2/lib/active_record/connection_adapters/abstract/query_cache.rb:53:in `select_all'
    E:/Èí¼þ¹¤³Ì/InstantRails-2.0-win/ruby/lib/ruby/gems/1.8/gems/activerecord-2.0.2/lib/active_record/base.rb:532:in `find_by_sql'
    E:/Èí¼þ¹¤³Ì/InstantRails-2.0-win/ruby/lib/ruby/gems/1.8/gems/activerecord-2.0.2/lib/active_record/base.rb:1233:in `find_every'
    E:/Èí¼þ¹¤³Ì/InstantRails-2.0-win/ruby/lib/ruby/gems/1.8/gems/activerecord-2.0.2/lib/active_record/base.rb:503:in `find'
    /app/controllers/posts_controller.rb:5:in `index'
    E:/Èí¼þ¹¤³Ì/InstantRails-2.0-win/ruby/lib/ruby/gems/1.8/gems/actionpack-2.0.2/lib/action_controller/base.rb:1158:in `send'
    E:/Èí¼þ¹¤³Ì/InstantRails-2.0-win/ruby/lib/ruby/gems/1.8/gems/actionpack-2.0.2/lib/action_controller/base.rb:1158:in `perform_action_without_filters'
    E:/Èí¼þ¹¤³Ì/InstantRails-2.0-win/ruby/lib/ruby/gems/1.8/gems/actionpack-2.0.2/lib/action_controller/filters.rb:697:in `call_filters'
    E:/Èí¼þ¹¤³Ì/InstantRails-2.0-win/ruby/lib/ruby/gems/1.8/gems/actionpack-2.0.2/lib/action_controller/filters.rb:689:in `perform_action_without_benchmark'
    E:/Èí¼þ¹¤³Ì/InstantRails-2.0-win/ruby/lib/ruby/gems/1.8/gems/actionpack-2.0.2/lib/action_controller/benchmarking.rb:68:in `perform_action_without_rescue'
    E:/Èí¼þ¹¤³Ì/InstantRails-2.0-win/ruby/lib/ruby/1.8/benchmark.rb:293:in `measure'
    E:/Èí¼þ¹¤³Ì/InstantRails-2.0-win/ruby/lib/ruby/gems/1.8/gems/actionpack-2.0.2/lib/action_controller/benchmarking.rb:68:in `perform_action_without_rescue'
    E:/Èí¼þ¹¤³Ì/InstantRails-2.0-win/ruby/lib/ruby/gems/1.8/gems/actionpack-2.0.2/lib/action_controller/rescue.rb:199:in `perform_action_without_caching'
    E:/Èí¼þ¹¤³Ì/InstantRails-2.0-win/ruby/lib/ruby/gems/1.8/gems/actionpack-2.0.2/lib/action_controller/caching.rb:678:in `perform_action'
    E:/Èí¼þ¹¤³Ì/InstantRails-2.0-win/ruby/lib/ruby/gems/1.8/gems/activerecord-2.0.2/lib/active_record/connection_adapters/abstract/query_cache.rb:33:in `cache'
    E:/Èí¼þ¹¤³Ì/InstantRails-2.0-win/ruby/lib/ruby/gems/1.8/gems/activerecord-2.0.2/lib/active_record/query_cache.rb:8:in `cache'
    E:/Èí¼þ¹¤³Ì/InstantRails-2.0-win/ruby/lib/ruby/gems/1.8/gems/actionpack-2.0.2/lib/action_controller/caching.rb:677:in `perform_action'
    E:/Èí¼þ¹¤³Ì/InstantRails-2.0-win/ruby/lib/ruby/gems/1.8/gems/actionpack-2.0.2/lib/action_controller/base.rb:524:in `send'
    E:/Èí¼þ¹¤³Ì/InstantRails-2.0-win/ruby/lib/ruby/gems/1.8/gems/actionpack-2.0.2/lib/action_controller/base.rb:524:in `process_without_filters'
    E:/Èí¼þ¹¤³Ì/InstantRails-2.0-win/ruby/lib/ruby/gems/1.8/gems/actionpack-2.0.2/lib/action_controller/filters.rb:685:in `process_without_session_management_support'
    E:/Èí¼þ¹¤³Ì/InstantRails-2.0-win/ruby/lib/ruby/gems/1.8/gems/actionpack-2.0.2/lib/action_controller/session_management.rb:123:in `process'
    E:/Èí¼þ¹¤³Ì/InstantRails-2.0-win/ruby/lib/ruby/gems/1.8/gems/actionpack-2.0.2/lib/action_controller/base.rb:388:in `process'
    E:/Èí¼þ¹¤³Ì/InstantRails-2.0-win/ruby/lib/ruby/gems/1.8/gems/actionpack-2.0.2/lib/action_controller/dispatcher.rb:171:in `handle_request'
    E:/Èí¼þ¹¤³Ì/InstantRails-2.0-win/ruby/lib/ruby/gems/1.8/gems/actionpack-2.0.2/lib/action_controller/dispatcher.rb:115:in `dispatch'
    E:/Èí¼þ¹¤³Ì/InstantRails-2.0-win/ruby/lib/ruby/gems/1.8/gems/actionpack-2.0.2/lib/action_controller/dispatcher.rb:126:in `dispatch_cgi'
    E:/Èí¼þ¹¤³Ì/InstantRails-2.0-win/ruby/lib/ruby/gems/1.8/gems/actionpack-2.0.2/lib/action_controller/dispatcher.rb:9:in `dispatch'
    E:/Èí¼þ¹¤³Ì/InstantRails-2.0-win/ruby/lib/ruby/gems/1.8/gems/mongrel-1.1.2-x86-mswin32/bin/../lib/mongrel/rails.rb:76:in `process'
    E:/Èí¼þ¹¤³Ì/InstantRails-2.0-win/ruby/lib/ruby/gems/1.8/gems/mongrel-1.1.2-x86-mswin32/bin/../lib/mongrel/rails.rb:74:in `synchronize'
    E:/Èí¼þ¹¤³Ì/InstantRails-2.0-win/ruby/lib/ruby/gems/1.8/gems/mongrel-1.1.2-x86-mswin32/bin/../lib/mongrel/rails.rb:74:in `process'
    E:/Èí¼þ¹¤³Ì/InstantRails-2.0-win/ruby/lib/ruby/gems/1.8/gems/mongrel-1.1.2-x86-mswin32/lib/mongrel.rb:159:in `process_client'
    E:/Èí¼þ¹¤³Ì/InstantRails-2.0-win/ruby/lib/ruby/gems/1.8/gems/mongrel-1.1.2-x86-mswin32/lib/mongrel.rb:158:in `each'
    E:/Èí¼þ¹¤³Ì/InstantRails-2.0-win/ruby/lib/ruby/gems/1.8/gems/mongrel-1.1.2-x86-mswin32/lib/mongrel.rb:158:in `process_client'
    E:/Èí¼þ¹¤³Ì/InstantRails-2.0-win/ruby/lib/ruby/gems/1.8/gems/mongrel-1.1.2-x86-mswin32/lib/mongrel.rb:285:in `run'
    E:/Èí¼þ¹¤³Ì/InstantRails-2.0-win/ruby/lib/ruby/gems/1.8/gems/mongrel-1.1.2-x86-mswin32/lib/mongrel.rb:285:in `initialize'
    E:/Èí¼þ¹¤³Ì/InstantRails-2.0-win/ruby/lib/ruby/gems/1.8/gems/mongrel-1.1.2-x86-mswin32/lib/mongrel.rb:285:in `new'
    E:/Èí¼þ¹¤³Ì/InstantRails-2.0-win/ruby/lib/ruby/gems/1.8/gems/mongrel-1.1.2-x86-mswin32/lib/mongrel.rb:285:in `run'
    E:/Èí¼þ¹¤³Ì/InstantRails-2.0-win/ruby/lib/ruby/gems/1.8/gems/mongrel-1.1.2-x86-mswin32/lib/mongrel.rb:268:in `initialize'
    E:/Èí¼þ¹¤³Ì/InstantRails-2.0-win/ruby/lib/ruby/gems/1.8/gems/mongrel-1.1.2-x86-mswin32/lib/mongrel.rb:268:in `new'
    E:/Èí¼þ¹¤³Ì/InstantRails-2.0-win/ruby/lib/ruby/gems/1.8/gems/mongrel-1.1.2-x86-mswin32/lib/mongrel.rb:268:in `run'
    E:/Èí¼þ¹¤³Ì/InstantRails-2.0-win/ruby/lib/ruby/gems/1.8/gems/mongrel-1.1.2-x86-mswin32/lib/mongrel/configurator.rb:282:in `run'
    E:/Èí¼þ¹¤³Ì/InstantRails-2.0-win/ruby/lib/ruby/gems/1.8/gems/mongrel-1.1.2-x86-mswin32/lib/mongrel/configurator.rb:281:in `each'
    E:/Èí¼þ¹¤³Ì/InstantRails-2.0-win/ruby/lib/ruby/gems/1.8/gems/mongrel-1.1.2-x86-mswin32/lib/mongrel/configurator.rb:281:in `run'
    E:/Èí¼þ¹¤³Ì/InstantRails-2.0-win/ruby/lib/ruby/gems/1.8/gems/mongrel-1.1.2-x86-mswin32/bin/mongrel_rails:128:in `run'
    E:/Èí¼þ¹¤³Ì/InstantRails-2.0-win/ruby/lib/ruby/gems/1.8/gems/mongrel-1.1.2-x86-mswin32/lib/mongrel/command.rb:212:in `run'
    E:/Èí¼þ¹¤³Ì/InstantRails-2.0-win/ruby/lib/ruby/gems/1.8/gems/mongrel-1.1.2-x86-mswin32/bin/mongrel_rails:281
    E:/Èí¼þ¹¤³Ì/InstantRails-2.0-win/ruby/lib/ruby/gems/1.8/gems/activesupport-2.0.2/lib/active_support/dependencies.rb:489:in `load'
    E:/Èí¼þ¹¤³Ì/InstantRails-2.0-win/ruby/lib/ruby/gems/1.8/gems/activesupport-2.0.2/lib/active_support/dependencies.rb:489:in `load'
    E:/Èí¼þ¹¤³Ì/InstantRails-2.0-win/ruby/lib/ruby/gems/1.8/gems/activesupport-2.0.2/lib/active_support/dependencies.rb:342:in `new_constants_in'
    E:/Èí¼þ¹¤³Ì/InstantRails-2.0-win/ruby/lib/ruby/gems/1.8/gems/activesupport-2.0.2/lib/active_support/dependencies.rb:489:in `load'
    E:/Èí¼þ¹¤³Ì/InstantRails-2.0-win/ruby/lib/ruby/gems/1.8/gems/rails-2.0.2/lib/commands/servers/mongrel.rb:64
    E:/Èí¼þ¹¤³Ì/InstantRails-2.0-win/ruby/lib/ruby/site_ruby/1.8/rubygems/custom_require.rb:27:in `gem_original_require'
    E:/Èí¼þ¹¤³Ì/InstantRails-2.0-win/ruby/lib/ruby/site_ruby/1.8/rubygems/custom_require.rb:27:in `require'
    E:/Èí¼þ¹¤³Ì/InstantRails-2.0-win/ruby/lib/ruby/gems/1.8/gems/activesupport-2.0.2/lib/active_support/dependencies.rb:496:in `require'
    E:/Èí¼þ¹¤³Ì/InstantRails-2.0-win/ruby/lib/ruby/gems/1.8/gems/activesupport-2.0.2/lib/active_support/dependencies.rb:342:in `new_constants_in'
    E:/Èí¼þ¹¤³Ì/InstantRails-2.0-win/ruby/lib/ruby/gems/1.8/gems/activesupport-2.0.2/lib/active_support/dependencies.rb:496:in `require'
    E:/Èí¼þ¹¤³Ì/InstantRails-2.0-win/ruby/lib/ruby/gems/1.8/gems/rails-2.0.2/lib/commands/server.rb:39
    E:/Èí¼þ¹¤³Ì/InstantRails-2.0-win/ruby/lib/ruby/site_ruby/1.8/rubygems/custom_require.rb:27:in `gem_original_require'
    E:/Èí¼þ¹¤³Ì/InstantRails-2.0-win/ruby/lib/ruby/site_ruby/1.8/rubygems/custom_require.rb:27:in `require'
    script/server:3

Rendering E:/Èí¼þ¹¤³Ì/InstantRails-2.0-win/ruby/lib/ruby/gems/1.8/gems/actionpack-2.0.2/lib/action_controller/templates/rescues/layout.erb (internal_server_error)


Processing PostsController#index (for 127.0.0.1 at 2010-10-17 20:22:56) [GET]
  Session ID: BAh7BiIKZmxhc2hJQzonQWN0aW9uQ29udHJvbGxlcjo6Rmxhc2g6OkZsYXNo%0ASGFzaHsABjoKQHVzZWR7AA%3D%3D--6a4b4e3fd959af50365ef9431d753d07f328bbc8
  Parameters: {"action"=>"index", "controller"=>"posts"}
  [4;35;1mPost Load (0.000000)[0m   [0mSQLite3::SQLException: no such table: posts: SELECT * FROM posts [0m


ActiveRecord::StatementInvalid (SQLite3::SQLException: no such table: posts: SELECT * FROM posts   ):
    E:/Èí¼þ¹¤³Ì/InstantRails-2.0-win/ruby/lib/ruby/gems/1.8/gems/activerecord-2.0.2/lib/active_record/connection_adapters/abstract_adapter.rb:150:in `log'
    E:/Èí¼þ¹¤³Ì/InstantRails-2.0-win/ruby/lib/ruby/gems/1.8/gems/activerecord-2.0.2/lib/active_record/connection_adapters/sqlite_adapter.rb:132:in `execute'
    E:/Èí¼þ¹¤³Ì/InstantRails-2.0-win/ruby/lib/ruby/gems/1.8/gems/activerecord-2.0.2/lib/active_record/connection_adapters/sqlite_adapter.rb:345:in `catch_schema_changes'
    E:/Èí¼þ¹¤³Ì/InstantRails-2.0-win/ruby/lib/ruby/gems/1.8/gems/activerecord-2.0.2/lib/active_record/connection_adapters/sqlite_adapter.rb:132:in `execute'
    E:/Èí¼þ¹¤³Ì/InstantRails-2.0-win/ruby/lib/ruby/gems/1.8/gems/activerecord-2.0.2/lib/active_record/connection_adapters/sqlite_adapter.rb:256:in `select'
    E:/Èí¼þ¹¤³Ì/InstantRails-2.0-win/ruby/lib/ruby/gems/1.8/gems/activerecord-2.0.2/lib/active_record/connection_adapters/abstract/database_statements.rb:7:in `select_all_without_query_cache'
    E:/Èí¼þ¹¤³Ì/InstantRails-2.0-win/ruby/lib/ruby/gems/1.8/gems/activerecord-2.0.2/lib/active_record/connection_adapters/abstract/query_cache.rb:53:in `select_all'
    E:/Èí¼þ¹¤³Ì/InstantRails-2.0-win/ruby/lib/ruby/gems/1.8/gems/activerecord-2.0.2/lib/active_record/connection_adapters/abstract/query_cache.rb:74:in `cache_sql'
    E:/Èí¼þ¹¤³Ì/InstantRails-2.0-win/ruby/lib/ruby/gems/1.8/gems/activerecord-2.0.2/lib/active_record/connection_adapters/abstract/query_cache.rb:53:in `select_all'
    E:/Èí¼þ¹¤³Ì/InstantRails-2.0-win/ruby/lib/ruby/gems/1.8/gems/activerecord-2.0.2/lib/active_record/base.rb:532:in `find_by_sql'
    E:/Èí¼þ¹¤³Ì/InstantRails-2.0-win/ruby/lib/ruby/gems/1.8/gems/activerecord-2.0.2/lib/active_record/base.rb:1233:in `find_every'
    E:/Èí¼þ¹¤³Ì/InstantRails-2.0-win/ruby/lib/ruby/gems/1.8/gems/activerecord-2.0.2/lib/active_record/base.rb:503:in `find'
    /app/controllers/posts_controller.rb:5:in `index'
    E:/Èí¼þ¹¤³Ì/InstantRails-2.0-win/ruby/lib/ruby/gems/1.8/gems/actionpack-2.0.2/lib/action_controller/base.rb:1158:in `send'
    E:/Èí¼þ¹¤³Ì/InstantRails-2.0-win/ruby/lib/ruby/gems/1.8/gems/actionpack-2.0.2/lib/action_controller/base.rb:1158:in `perform_action_without_filters'
    E:/Èí¼þ¹¤³Ì/InstantRails-2.0-win/ruby/lib/ruby/gems/1.8/gems/actionpack-2.0.2/lib/action_controller/filters.rb:697:in `call_filters'
    E:/Èí¼þ¹¤³Ì/InstantRails-2.0-win/ruby/lib/ruby/gems/1.8/gems/actionpack-2.0.2/lib/action_controller/filters.rb:689:in `perform_action_without_benchmark'
    E:/Èí¼þ¹¤³Ì/InstantRails-2.0-win/ruby/lib/ruby/gems/1.8/gems/actionpack-2.0.2/lib/action_controller/benchmarking.rb:68:in `perform_action_without_rescue'
    E:/Èí¼þ¹¤³Ì/InstantRails-2.0-win/ruby/lib/ruby/1.8/benchmark.rb:293:in `measure'
    E:/Èí¼þ¹¤³Ì/InstantRails-2.0-win/ruby/lib/ruby/gems/1.8/gems/actionpack-2.0.2/lib/action_controller/benchmarking.rb:68:in `perform_action_without_rescue'
    E:/Èí¼þ¹¤³Ì/InstantRails-2.0-win/ruby/lib/ruby/gems/1.8/gems/actionpack-2.0.2/lib/action_controller/rescue.rb:199:in `perform_action_without_caching'
    E:/Èí¼þ¹¤³Ì/InstantRails-2.0-win/ruby/lib/ruby/gems/1.8/gems/actionpack-2.0.2/lib/action_controller/caching.rb:678:in `perform_action'
    E:/Èí¼þ¹¤³Ì/InstantRails-2.0-win/ruby/lib/ruby/gems/1.8/gems/activerecord-2.0.2/lib/active_record/connection_adapters/abstract/query_cache.rb:33:in `cache'
    E:/Èí¼þ¹¤³Ì/InstantRails-2.0-win/ruby/lib/ruby/gems/1.8/gems/activerecord-2.0.2/lib/active_record/query_cache.rb:8:in `cache'
    E:/Èí¼þ¹¤³Ì/InstantRails-2.0-win/ruby/lib/ruby/gems/1.8/gems/actionpack-2.0.2/lib/action_controller/caching.rb:677:in `perform_action'
    E:/Èí¼þ¹¤³Ì/InstantRails-2.0-win/ruby/lib/ruby/gems/1.8/gems/actionpack-2.0.2/lib/action_controller/base.rb:524:in `send'
    E:/Èí¼þ¹¤³Ì/InstantRails-2.0-win/ruby/lib/ruby/gems/1.8/gems/actionpack-2.0.2/lib/action_controller/base.rb:524:in `process_without_filters'
    E:/Èí¼þ¹¤³Ì/InstantRails-2.0-win/ruby/lib/ruby/gems/1.8/gems/actionpack-2.0.2/lib/action_controller/filters.rb:685:in `process_without_session_management_support'
    E:/Èí¼þ¹¤³Ì/InstantRails-2.0-win/ruby/lib/ruby/gems/1.8/gems/actionpack-2.0.2/lib/action_controller/session_management.rb:123:in `process'
    E:/Èí¼þ¹¤³Ì/InstantRails-2.0-win/ruby/lib/ruby/gems/1.8/gems/actionpack-2.0.2/lib/action_controller/base.rb:388:in `process'
    E:/Èí¼þ¹¤³Ì/InstantRails-2.0-win/ruby/lib/ruby/gems/1.8/gems/actionpack-2.0.2/lib/action_controller/dispatcher.rb:171:in `handle_request'
    E:/Èí¼þ¹¤³Ì/InstantRails-2.0-win/ruby/lib/ruby/gems/1.8/gems/actionpack-2.0.2/lib/action_controller/dispatcher.rb:115:in `dispatch'
    E:/Èí¼þ¹¤³Ì/InstantRails-2.0-win/ruby/lib/ruby/gems/1.8/gems/actionpack-2.0.2/lib/action_controller/dispatcher.rb:126:in `dispatch_cgi'
    E:/Èí¼þ¹¤³Ì/InstantRails-2.0-win/ruby/lib/ruby/gems/1.8/gems/actionpack-2.0.2/lib/action_controller/dispatcher.rb:9:in `dispatch'
    E:/Èí¼þ¹¤³Ì/InstantRails-2.0-win/ruby/lib/ruby/gems/1.8/gems/mongrel-1.1.2-x86-mswin32/bin/../lib/mongrel/rails.rb:76:in `process'
    E:/Èí¼þ¹¤³Ì/InstantRails-2.0-win/ruby/lib/ruby/gems/1.8/gems/mongrel-1.1.2-x86-mswin32/bin/../lib/mongrel/rails.rb:74:in `synchronize'
    E:/Èí¼þ¹¤³Ì/InstantRails-2.0-win/ruby/lib/ruby/gems/1.8/gems/mongrel-1.1.2-x86-mswin32/bin/../lib/mongrel/rails.rb:74:in `process'
    E:/Èí¼þ¹¤³Ì/InstantRails-2.0-win/ruby/lib/ruby/gems/1.8/gems/mongrel-1.1.2-x86-mswin32/lib/mongrel.rb:159:in `process_client'
    E:/Èí¼þ¹¤³Ì/InstantRails-2.0-win/ruby/lib/ruby/gems/1.8/gems/mongrel-1.1.2-x86-mswin32/lib/mongrel.rb:158:in `each'
    E:/Èí¼þ¹¤³Ì/InstantRails-2.0-win/ruby/lib/ruby/gems/1.8/gems/mongrel-1.1.2-x86-mswin32/lib/mongrel.rb:158:in `process_client'
    E:/Èí¼þ¹¤³Ì/InstantRails-2.0-win/ruby/lib/ruby/gems/1.8/gems/mongrel-1.1.2-x86-mswin32/lib/mongrel.rb:285:in `run'
    E:/Èí¼þ¹¤³Ì/InstantRails-2.0-win/ruby/lib/ruby/gems/1.8/gems/mongrel-1.1.2-x86-mswin32/lib/mongrel.rb:285:in `initialize'
    E:/Èí¼þ¹¤³Ì/InstantRails-2.0-win/ruby/lib/ruby/gems/1.8/gems/mongrel-1.1.2-x86-mswin32/lib/mongrel.rb:285:in `new'
    E:/Èí¼þ¹¤³Ì/InstantRails-2.0-win/ruby/lib/ruby/gems/1.8/gems/mongrel-1.1.2-x86-mswin32/lib/mongrel.rb:285:in `run'
    E:/Èí¼þ¹¤³Ì/InstantRails-2.0-win/ruby/lib/ruby/gems/1.8/gems/mongrel-1.1.2-x86-mswin32/lib/mongrel.rb:268:in `initialize'
    E:/Èí¼þ¹¤³Ì/InstantRails-2.0-win/ruby/lib/ruby/gems/1.8/gems/mongrel-1.1.2-x86-mswin32/lib/mongrel.rb:268:in `new'
    E:/Èí¼þ¹¤³Ì/InstantRails-2.0-win/ruby/lib/ruby/gems/1.8/gems/mongrel-1.1.2-x86-mswin32/lib/mongrel.rb:268:in `run'
    E:/Èí¼þ¹¤³Ì/InstantRails-2.0-win/ruby/lib/ruby/gems/1.8/gems/mongrel-1.1.2-x86-mswin32/lib/mongrel/configurator.rb:282:in `run'
    E:/Èí¼þ¹¤³Ì/InstantRails-2.0-win/ruby/lib/ruby/gems/1.8/gems/mongrel-1.1.2-x86-mswin32/lib/mongrel/configurator.rb:281:in `each'
    E:/Èí¼þ¹¤³Ì/InstantRails-2.0-win/ruby/lib/ruby/gems/1.8/gems/mongrel-1.1.2-x86-mswin32/lib/mongrel/configurator.rb:281:in `run'
    E:/Èí¼þ¹¤³Ì/InstantRails-2.0-win/ruby/lib/ruby/gems/1.8/gems/mongrel-1.1.2-x86-mswin32/bin/mongrel_rails:128:in `run'
    E:/Èí¼þ¹¤³Ì/InstantRails-2.0-win/ruby/lib/ruby/gems/1.8/gems/mongrel-1.1.2-x86-mswin32/lib/mongrel/command.rb:212:in `run'
    E:/Èí¼þ¹¤³Ì/InstantRails-2.0-win/ruby/lib/ruby/gems/1.8/gems/mongrel-1.1.2-x86-mswin32/bin/mongrel_rails:281
    E:/Èí¼þ¹¤³Ì/InstantRails-2.0-win/ruby/lib/ruby/gems/1.8/gems/activesupport-2.0.2/lib/active_support/dependencies.rb:489:in `load'
    E:/Èí¼þ¹¤³Ì/InstantRails-2.0-win/ruby/lib/ruby/gems/1.8/gems/activesupport-2.0.2/lib/active_support/dependencies.rb:489:in `load'
    E:/Èí¼þ¹¤³Ì/InstantRails-2.0-win/ruby/lib/ruby/gems/1.8/gems/activesupport-2.0.2/lib/active_support/dependencies.rb:342:in `new_constants_in'
    E:/Èí¼þ¹¤³Ì/InstantRails-2.0-win/ruby/lib/ruby/gems/1.8/gems/activesupport-2.0.2/lib/active_support/dependencies.rb:489:in `load'
    E:/Èí¼þ¹¤³Ì/InstantRails-2.0-win/ruby/lib/ruby/gems/1.8/gems/rails-2.0.2/lib/commands/servers/mongrel.rb:64
    E:/Èí¼þ¹¤³Ì/InstantRails-2.0-win/ruby/lib/ruby/site_ruby/1.8/rubygems/custom_require.rb:27:in `gem_original_require'
    E:/Èí¼þ¹¤³Ì/InstantRails-2.0-win/ruby/lib/ruby/site_ruby/1.8/rubygems/custom_require.rb:27:in `require'
    E:/Èí¼þ¹¤³Ì/InstantRails-2.0-win/ruby/lib/ruby/gems/1.8/gems/activesupport-2.0.2/lib/active_support/dependencies.rb:496:in `require'
    E:/Èí¼þ¹¤³Ì/InstantRails-2.0-win/ruby/lib/ruby/gems/1.8/gems/activesupport-2.0.2/lib/active_support/dependencies.rb:342:in `new_constants_in'
    E:/Èí¼þ¹¤³Ì/InstantRails-2.0-win/ruby/lib/ruby/gems/1.8/gems/activesupport-2.0.2/lib/active_support/dependencies.rb:496:in `require'
    E:/Èí¼þ¹¤³Ì/InstantRails-2.0-win/ruby/lib/ruby/gems/1.8/gems/rails-2.0.2/lib/commands/server.rb:39
    E:/Èí¼þ¹¤³Ì/InstantRails-2.0-win/ruby/lib/ruby/site_ruby/1.8/rubygems/custom_require.rb:27:in `gem_original_require'
    E:/Èí¼þ¹¤³Ì/InstantRails-2.0-win/ruby/lib/ruby/site_ruby/1.8/rubygems/custom_require.rb:27:in `require'
    script/server:3

Rendering E:/Èí¼þ¹¤³Ì/InstantRails-2.0-win/ruby/lib/ruby/gems/1.8/gems/actionpack-2.0.2/lib/action_controller/templates/rescues/layout.erb (internal_server_error)
  [4;36;1mSQL (0.000000)[0m   [0;1mselect sqlite_version(*)[0m
  [4;35;1mSQL (0.000000)[0m   [0mSQLite3::SQLException: table schema_info already exists: CREATE TABLE schema_info (version integer)[0m
  [4;36;1mSQL (0.000000)[0m   [0;1mSQLite3::SQLException: table schema_info already exists: CREATE TABLE schema_info (version integer)[0m
  [4;35;1mSQL (0.000000)[0m   [0mSELECT version FROM schema_info[0m
Migrating to CreatePosts (1)
  [4;36;1mSQL (0.081000)[0m   [0;1mCREATE TABLE posts ("id" INTEGER PRIMARY KEY AUTOINCREMENT NOT NULL, "title" varchar(255) DEFAULT NULL, "body" text DEFAULT NULL, "created_at" datetime DEFAULT NULL, "updated_at" datetime DEFAULT NULL) [0m
  [4;35;1mSQL (0.094000)[0m   [0mUPDATE schema_info SET version = 1[0m
  [4;36;1mSQL (0.000000)[0m   [0;1mSELECT * FROM schema_info[0m
  [4;35;1mSQL (0.000000)[0m   [0m SELECT name
 FROM sqlite_master
 WHERE type = 'table' AND NOT name = 'sqlite_sequence'
[0m
  [4;36;1mSQL (0.001000)[0m   [0;1mPRAGMA index_list(posts)[0m


Processing PostsController#index (for 127.0.0.1 at 2010-10-17 20:24:46) [GET]
  Session ID: BAh7BiIKZmxhc2hJQzonQWN0aW9uQ29udHJvbGxlcjo6Rmxhc2g6OkZsYXNo%0ASGFzaHsABjoKQHVzZWR7AA%3D%3D--6a4b4e3fd959af50365ef9431d753d07f328bbc8
  Parameters: {"action"=>"index", "controller"=>"posts"}
  [4;36;1mPost Load (0.000000)[0m   [0;1mSELECT * FROM posts [0m
Rendering template within layouts/posts
Rendering posts/index
Completed in 0.01400 (71 reqs/sec) | Rendering: 0.00600 (42%) | DB: 0.00000 (0%) | 200 OK [http://localhost/posts]


Processing PostsController#new (for 127.0.0.1 at 2010-10-17 20:24:48) [GET]
  Session ID: BAh7BiIKZmxhc2hJQzonQWN0aW9uQ29udHJvbGxlcjo6Rmxhc2g6OkZsYXNo%0ASGFzaHsABjoKQHVzZWR7AA%3D%3D--6a4b4e3fd959af50365ef9431d753d07f328bbc8
  Parameters: {"action"=>"new", "controller"=>"posts"}
Rendering template within layouts/posts
Rendering posts/new
Completed in 0.01600 (62 reqs/sec) | Rendering: 0.00700 (43%) | DB: 0.00000 (0%) | 200 OK [http://localhost/posts/new]


Processing PostsController#create (for 127.0.0.1 at 2010-10-17 20:25:22) [POST]
  Session ID: BAh7BzoMY3NyZl9pZCIlOTk1ODM4M2U1MDZkYjk0ZTc0Y2JhYmFhYWVkMWU4%0ANzUiCmZsYXNoSUM6J0FjdGlvbkNvbnRyb2xsZXI6OkZsYXNoOjpGbGFzaEhh%0Ac2h7AAY6CkB1c2VkewA%3D--7d5b8b29cf29db456ff72df91b80ff0ef4dc3ed4
  Parameters: {"commit"=>"Create", "post"=>{"title"=>"a new post on ML", "body"=>"Hello World!"}, "authenticity_token"=>"a45f8fb7374a47c6c0d7ce1f2eb1146de40113a7", "action"=>"create", "controller"=>"posts"}
  [4;35;1mPost Create (0.021000)[0m   [0mINSERT INTO posts ("updated_at", "body", "title", "created_at") VALUES('2010-10-17 20:25:22', 'Hello World!', 'a new post on ML', '2010-10-17 20:25:22')[0m
Redirected to http://localhost:3000/posts/1
Completed in 0.14300 (6 reqs/sec) | DB: 0.02100 (14%) | 302 Found [http://localhost/posts]


Processing PostsController#show (for 127.0.0.1 at 2010-10-17 20:25:22) [GET]
  Session ID: BAh7BzoMY3NyZl9pZCIlOTk1ODM4M2U1MDZkYjk0ZTc0Y2JhYmFhYWVkMWU4%0ANzUiCmZsYXNoSUM6J0FjdGlvbkNvbnRyb2xsZXI6OkZsYXNoOjpGbGFzaEhh%0Ac2h7BjoLbm90aWNlIiNQb3N0IHdhcyBzdWNjZXNzZnVsbHkgY3JlYXRlZC4G%0AOgpAdXNlZHsGOwdU--00f244434f394cd910a88f9e45cce2b4ec189c0b
  Parameters: {"action"=>"show", "id"=>"1", "controller"=>"posts"}
  [4;36;1mPost Load (0.000000)[0m   [0;1mSELECT * FROM posts WHERE (posts."id" = 1) [0m
Rendering template within layouts/posts
Rendering posts/show
Completed in 0.01700 (58 reqs/sec) | Rendering: 0.00600 (35%) | DB: 0.00000 (0%) | 200 OK [http://localhost/posts/1]
